<?xml version="1.0" encoding="UTF-8"?>
<!-- Generated by org.testng.reporters.JUnitReportReporter -->
<testsuite hostname="Jatin-Mezash-LPT" failures="0" tests="1" name="CTA.AmityOnline.MainClass" time="63.179" errors="0" timestamp="2025-06-11T22:56:07 IST" skipped="0">
  <testcase classname="CTA.AmityOnline.MainClass" name="Open_form_MBA_India_International" time="63.179"/>
</testsuite> <!-- CTA.AmityOnline.MainClass -->
